2023-04-03 18:24:48 INFO  :::::::::::::Payload created succesfully.:::::::::::::
2023-04-03 18:24:48 INFO  :::::::::::::POST : User creation inprogress.:::::::::::::
2023-04-03 18:25:04 INFO  :::::::::::::POST : User created succesfully.:::::::::::::
2023-04-03 18:25:05 INFO  :::::::::::::GET : User retrived succesfully.:::::::::::::
2023-04-03 18:25:07 INFO  :::::::::::::PUT : User updated succesfully.:::::::::::::::::::
2023-04-03 18:25:08 INFO  :::::::::::::GET : Updated User retrieved succesfully.::::::::::::::::
2023-04-03 18:25:10 INFO  :::::::::::::DELETE : User deleted succesfully.:::::::::::::
2023-04-03 18:26:55 INFO  :::::::::::::Payload created succesfully.:::::::::::::
2023-04-03 18:26:55 INFO  :::::::::::::POST : User creation inprogress.:::::::::::::
2023-04-03 18:27:14 INFO  :::::::::::::POST : User created succesfully.:::::::::::::
2023-04-03 18:27:16 INFO  :::::::::::::GET : User retrived succesfully.:::::::::::::
2023-04-03 18:27:17 INFO  :::::::::::::PUT : User updated succesfully.:::::::::::::::::::
2023-04-03 18:27:19 INFO  :::::::::::::GET : Updated User retrieved succesfully.::::::::::::::::
2023-04-03 18:27:20 INFO  :::::::::::::DELETE : User deleted succesfully.:::::::::::::
2023-04-03 18:31:42 INFO  :::::::::::::Payload created succesfully.:::::::::::::
2023-04-03 18:31:42 INFO  :::::::::::::POST : User creation inprogress.:::::::::::::
2023-04-03 18:31:58 INFO  :::::::::::::POST : User created succesfully.:::::::::::::
2023-04-03 18:32:00 INFO  :::::::::::::GET : User retrived succesfully.:::::::::::::
2023-04-03 18:32:01 INFO  :::::::::::::PUT : User updated succesfully.:::::::::::::::::::
2023-04-03 18:32:03 INFO  :::::::::::::GET : Updated User retrieved succesfully.::::::::::::::::
2023-04-03 18:32:04 INFO  :::::::::::::DELETE : User deleted succesfully.:::::::::::::
2023-04-03 19:17:32 INFO  :::::::::::::Payload created succesfully.:::::::::::::
2023-04-03 19:17:32 INFO  :::::::::::::POST : User creation inprogress.:::::::::::::
2023-04-03 19:17:49 INFO  :::::::::::::POST : User created succesfully.:::::::::::::
2023-04-03 19:17:50 INFO  :::::::::::::GET : User retrived succesfully.:::::::::::::
2023-04-03 19:17:52 INFO  :::::::::::::PUT : User updated succesfully.:::::::::::::::::::
2023-04-03 19:17:53 INFO  :::::::::::::GET : Updated User retrieved succesfully.::::::::::::::::
2023-04-03 19:17:55 INFO  :::::::::::::DELETE : User deleted succesfully.:::::::::::::
2023-04-03 20:24:41 INFO  :::::::::::::Payload created succesfully.:::::::::::::
2023-04-03 20:24:41 INFO  :::::::::::::POST : User creation inprogress.:::::::::::::
2023-04-03 20:24:56 INFO  :::::::::::::POST : User created succesfully.:::::::::::::
2023-04-03 20:24:58 INFO  :::::::::::::GET : User retrived succesfully.:::::::::::::
2023-04-03 20:24:59 INFO  :::::::::::::PUT : User updated succesfully.:::::::::::::::::::
2023-04-03 20:25:01 INFO  :::::::::::::GET : Updated User retrieved succesfully.::::::::::::::::
2023-04-03 20:25:02 INFO  :::::::::::::DELETE : User deleted succesfully.:::::::::::::
2023-04-04 15:41:00 INFO  :::::::::::::Payload created succesfully.:::::::::::::
2023-04-04 15:41:00 INFO  :::::::::::::POST : User creation inprogress.:::::::::::::
2023-04-04 15:41:17 INFO  :::::::::::::POST : User created succesfully.:::::::::::::
2023-04-04 15:41:19 INFO  :::::::::::::GET : User retrived succesfully.:::::::::::::
2023-04-04 15:41:21 INFO  :::::::::::::PUT : User updated succesfully.:::::::::::::::::::
2023-04-04 15:41:23 INFO  :::::::::::::GET : Updated User retrieved succesfully.::::::::::::::::
2023-04-04 15:41:25 INFO  :::::::::::::DELETE : User deleted succesfully.:::::::::::::
2023-04-09 15:23:20 INFO  :::::::::::::Payload created succesfully.:::::::::::::
2023-04-09 15:23:20 INFO  :::::::::::::POST : User creation inprogress.:::::::::::::
2023-04-09 15:23:35 INFO  :::::::::::::POST : User created succesfully.:::::::::::::
2023-04-09 15:23:37 INFO  :::::::::::::GET : User retrived succesfully.:::::::::::::
2023-04-09 15:23:38 INFO  :::::::::::::PUT : User updated succesfully.:::::::::::::::::::
2023-04-09 15:23:40 INFO  :::::::::::::GET : Updated User retrieved succesfully.::::::::::::::::
2023-04-09 15:23:41 INFO  :::::::::::::DELETE : User deleted succesfully.:::::::::::::
2023-04-09 15:38:56 INFO  :::::::::::::Payload created succesfully.:::::::::::::
2023-04-09 15:38:56 INFO  :::::::::::::POST : User creation inprogress.:::::::::::::
2023-04-09 15:39:11 INFO  :::::::::::::POST : User created succesfully.:::::::::::::
2023-04-09 15:39:13 INFO  :::::::::::::GET : User retrived succesfully.:::::::::::::
2023-04-09 15:39:14 INFO  :::::::::::::PUT : User updated succesfully.:::::::::::::::::::
2023-04-09 15:39:16 INFO  :::::::::::::GET : Updated User retrieved succesfully.::::::::::::::::
2023-04-09 15:39:17 INFO  :::::::::::::DELETE : User deleted succesfully.:::::::::::::
